<?xml version="1.0" encoding="UTF-8"?>
<!-- Generated by org.testng.reporters.JUnitXMLReporter -->
<testsuite ignored="0" hostname="Santhosh" failures="1" tests="5" name="Test" time="16.509" errors="0" timestamp="2024-05-09T09:46:28 CDT">
  <testcase classname="tests.SDFCLogin" name="ValidateLoginErrorMessage_TC4B" time="2.608"/>
  <testcase classname="tests.SDFCLogin" name="verifyForgotPassword_TC4A" time="3.295">
    <failure type="java.lang.AssertionError" message="Password reset message page is displayed. An email associated with the &amp;lt;username&amp;gt; account is sent. expected [true] but found [false]">
      <![CDATA[java.lang.AssertionError: Password reset message page is displayed. An email associated with the <username> account is sent. expected [true] but found [false]
at pages.LoginPage.verifyPasswordResetMessagePageIsDisplayed(LoginPage.java:106)
at tests.SDFCLogin.verifyForgotPassword_TC4A(SDFCLogin.java:128)
at java.base/java.util.concurrent.Executors$RunnableAdapter.call(Executors.java:515)
at java.base/java.util.concurrent.FutureTask.run(FutureTask.java:264)
at java.base/java.util.concurrent.ThreadPoolExecutor.runWorker(ThreadPoolExecutor.java:1128)
at java.base/java.util.concurrent.ThreadPoolExecutor$Worker.run(ThreadPoolExecutor.java:628)
at java.base/java.lang.Thread.run(Thread.java:834)
... Removed 16 stack frames]]>
    </failure>
  </testcase> <!-- verifyForgotPassword_TC4A -->
  <testcase classname="tests.SDFCLogin" name="verifyLoginErrorMessage_TC01" time="3.445"/>
  <testcase classname="tests.SDFCLogin" name="verifyLoginToSalesForce_TC02" time="6.697"/>
  <testcase classname="tests.SDFCLogin" name="verifyRemeberMeCheckBox_TC03" time="8.732"/>
</testsuite> <!-- Test -->
