-------------------------------------------------------------------------------
Test set: TestSuite
-------------------------------------------------------------------------------
Tests run: 5, Failures: 1, Errors: 0, Skipped: 0, Time elapsed: 18.587 s <<< FAILURE! - in TestSuite
verifyForgotPassword_TC4A(tests.SDFCLogin)  Time elapsed: 3.296 s  <<< FAILURE!
java.lang.AssertionError: Password reset message page is displayed. An email associated with the <username> account is sent. expected [true] but found [false]
	at tests.SDFCLogin.verifyForgotPassword_TC4A(SDFCLogin.java:128)

